<?xml version="1.0" encoding="UTF-8"?>
<!-- Generated by org.testng.reporters.JUnitXMLReporter -->
<testsuite ignored="0" hostname="DESKTOP-MHR975T" failures="0" tests="8" name="Test" time="194.225" errors="0" timestamp="2024-03-14T13:54:46 IST">
  <testcase classname="TestScripts.CreateLeadTest" name="createNewLeadTest" time="15.597"/>
  <testcase classname="TestScripts.CreateContactWithExistingOrgTest" name="createContactWithOrgTest" time="18.286"/>
  <testcase classname="TestScripts.CreateEventTest" name="createNewEventTest" time="7.009"/>
  <testcase classname="TestScripts.CreateOrgTest" name="createNewOrgTest" time="13.137"/>
  <testcase classname="TestScripts.CreateAndDuplicateLeadTest" name="createAndDuplicateLeadTest" time="24.633"/>
  <testcase classname="TestScripts.CreateContactTest" name="createNewContactTest" time="15.909"/>
  <testcase classname="TestScripts.CreateAndDeleteLeadTest" name="createAndDeleteLeadTest" time="19.185"/>
  <testcase classname="TestScripts.CreateOrgWithTypeAndIndustryTest" name="createOrgWithTypeAndIndustryTest" time="13.04"/>
</testsuite> <!-- Test -->
