<?xml version="1.0" encoding="UTF-8"?>
<testng-results ignored="0" total="8" passed="8" failed="0" skipped="0">
  <reporter-output>
  </reporter-output>
  <suite started-at="2024-03-14T13:51:32 IST" name="Suite" finished-at="2024-03-14T13:54:46 IST" duration-ms="194225">
    <groups>
    </groups>
    <test started-at="2024-03-14T13:51:32 IST" name="Test" finished-at="2024-03-14T13:54:46 IST" duration-ms="194225">
      <class name="TestScripts.CreateAndDeleteLeadTest">
        <test-method is-config="true" signature="classSetup()[pri:0, instance:TestScripts.CreateAndDeleteLeadTest@2e8c1c9b]" started-at="2024-03-14T13:53:58 IST" name="classSetup" finished-at="2024-03-14T13:53:59 IST" duration-ms="1098" status="PASS">
          <reporter-output>
          </reporter-output>
        </test-method> <!-- classSetup -->
        <test-method is-config="true" signature="methodSetup()[pri:0, instance:TestScripts.CreateAndDeleteLeadTest@2e8c1c9b]" started-at="2024-03-14T13:53:59 IST" name="methodSetup" finished-at="2024-03-14T13:54:04 IST" duration-ms="4764" status="PASS">
          <reporter-output>
          </reporter-output>
        </test-method> <!-- methodSetup -->
        <test-method signature="createAndDeleteLeadTest()[pri:0, instance:TestScripts.CreateAndDeleteLeadTest@2e8c1c9b]" started-at="2024-03-14T13:54:04 IST" name="createAndDeleteLeadTest" finished-at="2024-03-14T13:54:23 IST" duration-ms="19185" status="PASS">
          <reporter-output>
          </reporter-output>
        </test-method> <!-- createAndDeleteLeadTest -->
        <test-method is-config="true" signature="methodTeardown()[pri:0, instance:TestScripts.CreateAndDeleteLeadTest@2e8c1c9b]" started-at="2024-03-14T13:54:23 IST" name="methodTeardown" finished-at="2024-03-14T13:54:25 IST" duration-ms="2019" status="PASS">
          <reporter-output>
          </reporter-output>
        </test-method> <!-- methodTeardown -->
        <test-method is-config="true" signature="classTeardown()[pri:0, instance:TestScripts.CreateAndDeleteLeadTest@2e8c1c9b]" started-at="2024-03-14T13:54:25 IST" name="classTeardown" finished-at="2024-03-14T13:54:25 IST" duration-ms="310" status="PASS">
          <reporter-output>
          </reporter-output>
        </test-method> <!-- classTeardown -->
      </class> <!-- TestScripts.CreateAndDeleteLeadTest -->
      <class name="TestScripts.CreateOrgWithTypeAndIndustryTest">
        <test-method is-config="true" signature="classSetup()[pri:0, instance:TestScripts.CreateOrgWithTypeAndIndustryTest@53fe15ff]" started-at="2024-03-14T13:54:25 IST" name="classSetup" finished-at="2024-03-14T13:54:26 IST" duration-ms="1027" status="PASS">
          <reporter-output>
          </reporter-output>
        </test-method> <!-- classSetup -->
        <test-method is-config="true" signature="methodSetup()[pri:0, instance:TestScripts.CreateOrgWithTypeAndIndustryTest@53fe15ff]" started-at="2024-03-14T13:54:26 IST" name="methodSetup" finished-at="2024-03-14T13:54:31 IST" duration-ms="4762" status="PASS">
          <reporter-output>
          </reporter-output>
        </test-method> <!-- methodSetup -->
        <test-method signature="createOrgWithTypeAndIndustryTest()[pri:0, instance:TestScripts.CreateOrgWithTypeAndIndustryTest@53fe15ff]" started-at="2024-03-14T13:54:31 IST" name="createOrgWithTypeAndIndustryTest" finished-at="2024-03-14T13:54:44 IST" duration-ms="13040" status="PASS">
          <reporter-output>
          </reporter-output>
        </test-method> <!-- createOrgWithTypeAndIndustryTest -->
        <test-method is-config="true" signature="methodTeardown()[pri:0, instance:TestScripts.CreateOrgWithTypeAndIndustryTest@53fe15ff]" started-at="2024-03-14T13:54:44 IST" name="methodTeardown" finished-at="2024-03-14T13:54:46 IST" duration-ms="1954" status="PASS">
          <reporter-output>
          </reporter-output>
        </test-method> <!-- methodTeardown -->
        <test-method is-config="true" signature="classTeardown()[pri:0, instance:TestScripts.CreateOrgWithTypeAndIndustryTest@53fe15ff]" started-at="2024-03-14T13:54:46 IST" name="classTeardown" finished-at="2024-03-14T13:54:46 IST" duration-ms="238" status="PASS">
          <reporter-output>
          </reporter-output>
        </test-method> <!-- classTeardown -->
      </class> <!-- TestScripts.CreateOrgWithTypeAndIndustryTest -->
      <class name="TestScripts.CreateContactTest">
        <test-method is-config="true" signature="classSetup()[pri:0, instance:TestScripts.CreateContactTest@76a4ebf2]" started-at="2024-03-14T13:53:34 IST" name="classSetup" finished-at="2024-03-14T13:53:35 IST" duration-ms="1208" status="PASS">
          <reporter-output>
          </reporter-output>
        </test-method> <!-- classSetup -->
        <test-method is-config="true" signature="methodSetup()[pri:0, instance:TestScripts.CreateContactTest@76a4ebf2]" started-at="2024-03-14T13:53:35 IST" name="methodSetup" finished-at="2024-03-14T13:53:40 IST" duration-ms="4885" status="PASS">
          <reporter-output>
          </reporter-output>
        </test-method> <!-- methodSetup -->
        <test-method signature="createNewContactTest()[pri:0, instance:TestScripts.CreateContactTest@76a4ebf2]" started-at="2024-03-14T13:53:40 IST" name="createNewContactTest" finished-at="2024-03-14T13:53:56 IST" duration-ms="15909" status="PASS">
          <reporter-output>
          </reporter-output>
        </test-method> <!-- createNewContactTest -->
        <test-method is-config="true" signature="methodTeardown()[pri:0, instance:TestScripts.CreateContactTest@76a4ebf2]" started-at="2024-03-14T13:53:56 IST" name="methodTeardown" finished-at="2024-03-14T13:53:58 IST" duration-ms="1934" status="PASS">
          <reporter-output>
          </reporter-output>
        </test-method> <!-- methodTeardown -->
        <test-method is-config="true" signature="classTeardown()[pri:0, instance:TestScripts.CreateContactTest@76a4ebf2]" started-at="2024-03-14T13:53:58 IST" name="classTeardown" finished-at="2024-03-14T13:53:58 IST" duration-ms="323" status="PASS">
          <reporter-output>
          </reporter-output>
        </test-method> <!-- classTeardown -->
      </class> <!-- TestScripts.CreateContactTest -->
      <class name="TestScripts.CreateAndDuplicateLeadTest">
        <test-method is-config="true" signature="classSetup()[pri:0, instance:TestScripts.CreateAndDuplicateLeadTest@6e6f2380]" started-at="2024-03-14T13:53:01 IST" name="classSetup" finished-at="2024-03-14T13:53:02 IST" duration-ms="1040" status="PASS">
          <reporter-output>
          </reporter-output>
        </test-method> <!-- classSetup -->
        <test-method is-config="true" signature="methodSetup()[pri:0, instance:TestScripts.CreateAndDuplicateLeadTest@6e6f2380]" started-at="2024-03-14T13:53:02 IST" name="methodSetup" finished-at="2024-03-14T13:53:07 IST" duration-ms="4938" status="PASS">
          <reporter-output>
          </reporter-output>
        </test-method> <!-- methodSetup -->
        <test-method signature="createAndDuplicateLeadTest()[pri:0, instance:TestScripts.CreateAndDuplicateLeadTest@6e6f2380]" started-at="2024-03-14T13:53:07 IST" name="createAndDuplicateLeadTest" finished-at="2024-03-14T13:53:31 IST" duration-ms="24633" status="PASS">
          <reporter-output>
          </reporter-output>
        </test-method> <!-- createAndDuplicateLeadTest -->
        <test-method is-config="true" signature="methodTeardown()[pri:0, instance:TestScripts.CreateAndDuplicateLeadTest@6e6f2380]" started-at="2024-03-14T13:53:31 IST" name="methodTeardown" finished-at="2024-03-14T13:53:33 IST" duration-ms="1886" status="PASS">
          <reporter-output>
          </reporter-output>
        </test-method> <!-- methodTeardown -->
        <test-method is-config="true" signature="classTeardown()[pri:0, instance:TestScripts.CreateAndDuplicateLeadTest@6e6f2380]" started-at="2024-03-14T13:53:33 IST" name="classTeardown" finished-at="2024-03-14T13:53:34 IST" duration-ms="257" status="PASS">
          <reporter-output>
          </reporter-output>
        </test-method> <!-- classTeardown -->
      </class> <!-- TestScripts.CreateAndDuplicateLeadTest -->
      <class name="TestScripts.CreateLeadTest">
        <test-method is-config="true" signature="classSetup()[pri:0, instance:TestScripts.CreateLeadTest@f0c8a99]" started-at="2024-03-14T13:51:32 IST" name="classSetup" finished-at="2024-03-14T13:51:35 IST" duration-ms="2440" status="PASS">
          <reporter-output>
          </reporter-output>
        </test-method> <!-- classSetup -->
        <test-method is-config="true" signature="methodSetup()[pri:0, instance:TestScripts.CreateLeadTest@f0c8a99]" started-at="2024-03-14T13:51:35 IST" name="methodSetup" finished-at="2024-03-14T13:51:40 IST" duration-ms="5848" status="PASS">
          <reporter-output>
          </reporter-output>
        </test-method> <!-- methodSetup -->
        <test-method signature="createNewLeadTest()[pri:0, instance:TestScripts.CreateLeadTest@f0c8a99]" started-at="2024-03-14T13:51:40 IST" name="createNewLeadTest" finished-at="2024-03-14T13:51:56 IST" duration-ms="15597" status="PASS">
          <reporter-output>
          </reporter-output>
        </test-method> <!-- createNewLeadTest -->
        <test-method is-config="true" signature="methodTeardown()[pri:0, instance:TestScripts.CreateLeadTest@f0c8a99]" started-at="2024-03-14T13:51:56 IST" name="methodTeardown" finished-at="2024-03-14T13:51:58 IST" duration-ms="1938" status="PASS">
          <reporter-output>
          </reporter-output>
        </test-method> <!-- methodTeardown -->
        <test-method is-config="true" signature="classTeardown()[pri:0, instance:TestScripts.CreateLeadTest@f0c8a99]" started-at="2024-03-14T13:51:58 IST" name="classTeardown" finished-at="2024-03-14T13:51:58 IST" duration-ms="377" status="PASS">
          <reporter-output>
          </reporter-output>
        </test-method> <!-- classTeardown -->
      </class> <!-- TestScripts.CreateLeadTest -->
      <class name="TestScripts.CreateOrgTest">
        <test-method is-config="true" signature="classSetup()[pri:0, instance:TestScripts.CreateOrgTest@6892b3b6]" started-at="2024-03-14T13:52:40 IST" name="classSetup" finished-at="2024-03-14T13:52:41 IST" duration-ms="1102" status="PASS">
          <reporter-output>
          </reporter-output>
        </test-method> <!-- classSetup -->
        <test-method is-config="true" signature="methodSetup()[pri:0, instance:TestScripts.CreateOrgTest@6892b3b6]" started-at="2024-03-14T13:52:41 IST" name="methodSetup" finished-at="2024-03-14T13:52:45 IST" duration-ms="4442" status="PASS">
          <reporter-output>
          </reporter-output>
        </test-method> <!-- methodSetup -->
        <test-method signature="createNewOrgTest()[pri:0, instance:TestScripts.CreateOrgTest@6892b3b6]" started-at="2024-03-14T13:52:45 IST" name="createNewOrgTest" finished-at="2024-03-14T13:52:59 IST" duration-ms="13137" status="PASS">
          <reporter-output>
          </reporter-output>
        </test-method> <!-- createNewOrgTest -->
        <test-method is-config="true" signature="methodTeardown()[pri:0, instance:TestScripts.CreateOrgTest@6892b3b6]" started-at="2024-03-14T13:52:59 IST" name="methodTeardown" finished-at="2024-03-14T13:53:01 IST" duration-ms="1972" status="PASS">
          <reporter-output>
          </reporter-output>
        </test-method> <!-- methodTeardown -->
        <test-method is-config="true" signature="classTeardown()[pri:0, instance:TestScripts.CreateOrgTest@6892b3b6]" started-at="2024-03-14T13:53:01 IST" name="classTeardown" finished-at="2024-03-14T13:53:01 IST" duration-ms="296" status="PASS">
          <reporter-output>
          </reporter-output>
        </test-method> <!-- classTeardown -->
      </class> <!-- TestScripts.CreateOrgTest -->
      <class name="TestScripts.CreateEventTest">
        <test-method is-config="true" signature="classSetup()[pri:0, instance:TestScripts.CreateEventTest@11392934]" started-at="2024-03-14T13:52:25 IST" name="classSetup" finished-at="2024-03-14T13:52:26 IST" duration-ms="1150" status="PASS">
          <reporter-output>
          </reporter-output>
        </test-method> <!-- classSetup -->
        <test-method is-config="true" signature="methodSetup()[pri:0, instance:TestScripts.CreateEventTest@11392934]" started-at="2024-03-14T13:52:26 IST" name="methodSetup" finished-at="2024-03-14T13:52:31 IST" duration-ms="4695" status="PASS">
          <reporter-output>
          </reporter-output>
        </test-method> <!-- methodSetup -->
        <test-method signature="createNewEventTest()[pri:0, instance:TestScripts.CreateEventTest@11392934]" started-at="2024-03-14T13:52:31 IST" name="createNewEventTest" finished-at="2024-03-14T13:52:38 IST" duration-ms="7009" status="PASS">
          <reporter-output>
          </reporter-output>
        </test-method> <!-- createNewEventTest -->
        <test-method is-config="true" signature="methodTeardown()[pri:0, instance:TestScripts.CreateEventTest@11392934]" started-at="2024-03-14T13:52:38 IST" name="methodTeardown" finished-at="2024-03-14T13:52:40 IST" duration-ms="1817" status="PASS">
          <reporter-output>
          </reporter-output>
        </test-method> <!-- methodTeardown -->
        <test-method is-config="true" signature="classTeardown()[pri:0, instance:TestScripts.CreateEventTest@11392934]" started-at="2024-03-14T13:52:40 IST" name="classTeardown" finished-at="2024-03-14T13:52:40 IST" duration-ms="287" status="PASS">
          <reporter-output>
          </reporter-output>
        </test-method> <!-- classTeardown -->
      </class> <!-- TestScripts.CreateEventTest -->
      <class name="TestScripts.CreateContactWithExistingOrgTest">
        <test-method is-config="true" signature="classSetup()[pri:0, instance:TestScripts.CreateContactWithExistingOrgTest@2a265ea9]" started-at="2024-03-14T13:51:58 IST" name="classSetup" finished-at="2024-03-14T13:51:59 IST" duration-ms="1124" status="PASS">
          <reporter-output>
          </reporter-output>
        </test-method> <!-- classSetup -->
        <test-method is-config="true" signature="methodSetup()[pri:0, instance:TestScripts.CreateContactWithExistingOrgTest@2a265ea9]" started-at="2024-03-14T13:51:59 IST" name="methodSetup" finished-at="2024-03-14T13:52:04 IST" duration-ms="4725" status="PASS">
          <reporter-output>
          </reporter-output>
        </test-method> <!-- methodSetup -->
        <test-method signature="createContactWithOrgTest()[pri:0, instance:TestScripts.CreateContactWithExistingOrgTest@2a265ea9]" started-at="2024-03-14T13:52:04 IST" name="createContactWithOrgTest" finished-at="2024-03-14T13:52:22 IST" duration-ms="18286" status="PASS">
          <reporter-output>
          </reporter-output>
        </test-method> <!-- createContactWithOrgTest -->
        <test-method is-config="true" signature="methodTeardown()[pri:0, instance:TestScripts.CreateContactWithExistingOrgTest@2a265ea9]" started-at="2024-03-14T13:52:22 IST" name="methodTeardown" finished-at="2024-03-14T13:52:25 IST" duration-ms="2067" status="PASS">
          <reporter-output>
          </reporter-output>
        </test-method> <!-- methodTeardown -->
        <test-method is-config="true" signature="classTeardown()[pri:0, instance:TestScripts.CreateContactWithExistingOrgTest@2a265ea9]" started-at="2024-03-14T13:52:25 IST" name="classTeardown" finished-at="2024-03-14T13:52:25 IST" duration-ms="362" status="PASS">
          <reporter-output>
          </reporter-output>
        </test-method> <!-- classTeardown -->
      </class> <!-- TestScripts.CreateContactWithExistingOrgTest -->
    </test> <!-- Test -->
  </suite> <!-- Suite -->
</testng-results>
